*** FATAL INTERNAL ERROR in Turing ***
Date: May 15 2021 11:48 AM

File Name: Z:\home\jumner\Desktop\compSci\compTech\openTuring\turing.exe
Version: 1.0.1  [11]
File Size: 4573696
File Date: Jun 11 2012 11:35 PM
Operating System: After Windows XP
JVM: Ready Built-in JRE (1.4.2 or later)
"assert" Statements: disabled


Previous Operations:



The environment has experienced an unexpected internal error.

This error is caused by a bug in the environment and is not your fault!
Details about the crash have been saved in the file "Z:\home\jumner\Desktop\dev\tsh\panic.log".

If possible, please e-mail this file to trishume@me.com

Here are some details about the error:
   Error = Illegal Directory Name (No Backslash): "/home/jumner/Desktop/compSci/compTech/2unit/test.t" (6065)
   File = ..\..\ready\src\edfile.c
   Line = 537

All unsaved open files will be saved with a ".sav" or ".sv#" extension.

List of Modules: 
    Z:\home\jumner\Desktop\compSci\compTech\openTuring\turing.exe
    C:\windows\system32\ntdll.dll
    C:\windows\system32\KERNEL32.dll
    C:\windows\system32\opengl32.dll
    C:\windows\system32\gdi32.dll
    C:\windows\system32\advapi32.dll
    C:\windows\system32\version.dll
    C:\windows\system32\winmm.dll
    C:\windows\system32\user32.dll
    C:\windows\system32\ole32.dll
    C:\windows\system32\rpcrt4.dll
    C:\windows\system32\msacm32.dll
    C:\windows\system32\comctl32.dll
    C:\windows\system32\usp10.dll
    C:\windows\system32\imm32.dll
    C:\windows\system32\wininet.dll
    C:\windows\system32\mpr.dll
    C:\windows\system32\shlwapi.dll
    C:\windows\system32\shell32.dll
    C:\windows\system32\shcore.dll
    C:\windows\system32\ws2_32.dll
    C:\windows\system32\comdlg32.dll
    C:\windows\system32\winspool.drv
    C:\windows\system32\winex11.drv
    C:\windows\system32\uxtheme.dll
    C:\windows\system32\psapi.dll
    C:\windows\system32\dbghelp.dll



------------------------------------------------------
*** FATAL INTERNAL ERROR in Turing ***
Date: May 15 2021 11:51 AM

File Name: Z:\home\jumner\Desktop\compSci\compTech\openTuring\turing.exe
Version: 1.0.1  [11]
File Size: 4573696
File Date: Jun 11 2012 11:35 PM
Operating System: After Windows XP
JVM: Ready Built-in JRE (1.4.2 or later)
"assert" Statements: disabled


Previous Operations:
    MIO_Init_Free called
    Debugger Notify Init Run
    MIO_Init_Run called
    MIO_Init_Free called
    Debugger Notify Init Run
    Create standard input/output window
    MIOWin_CreateWindowFromAttribs (No Title)
    MIOWin_InitializeWindow: Create button bar
    MIOWin_InitializeWindow: Create inner grph win
    MIOWin_InitializeWindow: Window initialized
    Object Allocated 11 -2
    Object Allocated 11 -1
    Create standard error window
    MIOWin_CreateWindowFromAttribs (Standard Error)
    MIOWin_InitializeWindow: Create button bar
    MIOWin_InitializeWindow: Create inner text win
    MIOWin_InitializeWindow: Window initialized
    Object Allocated 11 0
    Run Window Added 100a0 
  CMD: MIO_COMMAND_TERMINATE
    Stop Execution from Run Window
    Kill Running Program
  CMD: MIO_COMMAND_TERMINATE
    Stop Execution from Run Window
    Kill Running Program
  CMD: MIO_COMMAND_TERMINATE
    Stop Execution from Run Window
    Kill Running Program
    Notify All Run Windows Closed
    Stop Execution from Run Window
    Kill Running Program
    Object Freed -1



The environment has experienced an unexpected internal error.

This error is caused by a bug in the environment and is not your fault!
Details about the crash have been saved in the file "Z:\home\jumner\Desktop\dev\tsh\panic.log".

If possible, please e-mail this file to trishume@me.com

Here are some details about the error:
   Error = Wrong window type for call (0/108) (15201)
   File = ..\src\miowin.c
   Line = 1460

All unsaved open files will be saved with a ".sav" or ".sv#" extension.

List of Modules: 
    Z:\home\jumner\Desktop\compSci\compTech\openTuring\turing.exe
    C:\windows\system32\ntdll.dll
    C:\windows\system32\KERNEL32.dll
    C:\windows\system32\opengl32.dll
    C:\windows\system32\gdi32.dll
    C:\windows\system32\advapi32.dll
    C:\windows\system32\version.dll
    C:\windows\system32\winmm.dll
    C:\windows\system32\user32.dll
    C:\windows\system32\ole32.dll
    C:\windows\system32\rpcrt4.dll
    C:\windows\system32\msacm32.dll
    C:\windows\system32\comctl32.dll
    C:\windows\system32\usp10.dll
    C:\windows\system32\imm32.dll
    C:\windows\system32\wininet.dll
    C:\windows\system32\mpr.dll
    C:\windows\system32\shlwapi.dll
    C:\windows\system32\shell32.dll
    C:\windows\system32\shcore.dll
    C:\windows\system32\ws2_32.dll
    C:\windows\system32\comdlg32.dll
    C:\windows\system32\winspool.drv
    C:\windows\system32\winex11.drv
    C:\windows\system32\uxtheme.dll
    C:\windows\system32\psapi.dll
    C:\windows\system32\winejoystick.drv
    C:\windows\system32\dbghelp.dll



------------------------------------------------------
